<?xml version="1.0" encoding="UTF-8"?>
<!-- Generated by org.testng.reporters.JUnitXMLReporter -->
<testsuite hostname="LAPTOP-JEI8AS0O" ignored="3" tests="0" failures="0" timestamp="2021-10-10T15:51:00 EDT" time="0.0" errors="0">
  <testcase name="f1" time="0.0" classname="testcases.ClassOne">
    <ignored/>
  </testcase> <!-- f1 -->
  <testcase name="f3" time="0.0" classname="testcases.ClassOne">
    <ignored/>
  </testcase> <!-- f3 -->
  <testcase name="f2" time="0.0" classname="testcases.ClassOne">
    <ignored/>
  </testcase> <!-- f2 -->
</testsuite>
