<?xml version="1.0" encoding="UTF-8"?>
<!-- Generated by org.testng.reporters.JUnitXMLReporter -->
<testsuite hostname="LAPTOP-JEI8AS0O" ignored="3" name="Test" tests="7" failures="1" timestamp="2021-10-10T15:51:00 EDT" time="23.88" errors="0">
  <testcase name="LoginSuccess_001" time="1.535" classname="testcases.LoginFeature"/>
  <testcase name="LoginUnsuccessful_002" time="0.681" classname="testcases.LoginFeature"/>
  <testcase name="ForgotPassword_003" time="0.784" classname="testcases.LoginFeature"/>
  <testcase name="getDashboardQuickLaunchItems_004" time="0.335" classname="testcases.DahboardFeature"/>
  <testcase name="getDashboardQuickLaunchitemsCount_006" time="0.433" classname="testcases.DahboardFeature"/>
  <testcase name="getMyInfoSideMenuItems_005" time="0.753" classname="testcases.MyInfoFeature">
    <failure type="java.lang.AssertionError" message="Lists differ at element [7]: Tax exemptions != Tax Exemptions expected [Tax exemptions] but found [Tax Exemptions]">
      <![CDATA[java.lang.AssertionError: Lists differ at element [7]: Tax exemptions != Tax Exemptions expected [Tax exemptions] but found [Tax Exemptions]
at testcases.MyInfoFeature.getMyInfoSideMenuItems_005(MyInfoFeature.java:56)
at java.util.concurrent.FutureTask.run(FutureTask.java:266)
at java.util.concurrent.ThreadPoolExecutor.runWorker(ThreadPoolExecutor.java:1149)
at java.util.concurrent.ThreadPoolExecutor$Worker.run(ThreadPoolExecutor.java:624)
at java.lang.Thread.run(Thread.java:748)
... Removed 13 stack frames]]>
    </failure>
  </testcase> <!-- getMyInfoSideMenuItems_005 -->
  <testcase name="getMyInfoSideMenuCount_007" time="0.761" classname="testcases.MyInfoFeature"/>
  <testcase name="f1" time="0.0" classname="testcases.ClassOne">
    <ignored/>
  </testcase> <!-- f1 -->
  <testcase name="f3" time="0.0" classname="testcases.ClassOne">
    <ignored/>
  </testcase> <!-- f3 -->
  <testcase name="f2" time="0.0" classname="testcases.ClassOne">
    <ignored/>
  </testcase> <!-- f2 -->
</testsuite> <!-- Test -->
