-------------------------------------------------------------------------------
Test set: TestSuite
-------------------------------------------------------------------------------
Tests run: 7, Failures: 1, Errors: 0, Skipped: 0, Time elapsed: 25.645 s <<< FAILURE! - in TestSuite
testcases.MyInfoFeature.getMyInfoSideMenuItems_005  Time elapsed: 0.866 s  <<< FAILURE!
java.lang.AssertionError: Lists differ at element [7]: Tax exemptions != Tax Exemptions expected [Tax exemptions] but found [Tax Exemptions]
	at testcases.MyInfoFeature.getMyInfoSideMenuItems_005(MyInfoFeature.java:56)

